#
# There is insufficient memory for the Java Runtime Environment to continue.
# Native memory allocation (malloc) failed to allocate 32744 bytes for ChunkPool::allocate
# Possible reasons:
#   The system is out of physical RAM or swap space
#   The process is running with CompressedOops enabled, and the Java Heap may be blocking the growth of the native heap
# Possible solutions:
#   Reduce memory load on the system
#   Increase physical memory or swap space
#   Check if swap backing store is full
#   Decrease Java heap size (-Xmx/-Xms)
#   Decrease number of Java threads
#   Decrease Java thread stack sizes (-Xss)
#   Set larger code cache with -XX:ReservedCodeCacheSize=
#   JVM is running with Unscaled Compressed Oops mode in which the Java heap is
#     placed in the first 4GB address space. The Java Heap base address is the
#     maximum limit for the native heap growth. Please use -XX:HeapBaseMinAddress
#     to set the Java Heap base and to place the Java Heap above 4GB virtual address.
# This output file may be truncated or incomplete.
#
#  Out of Memory Error (allocation.cpp:272), pid=936, tid=0x00000000000025dc
#
# JRE version: OpenJDK Runtime Environment (8.0_202-b03) (build 1.8.0_202-release-1483-b03)
# Java VM: OpenJDK 64-Bit Server VM (25.202-b03 mixed mode windows-amd64 compressed oops)
# Failed to write core dump. Minidumps are not enabled by default on client versions of Windows
#

---------------  T H R E A D  ---------------

Current thread (0x0000000016415800):  JavaThread "C1 CompilerThread1" daemon [_thread_in_native, id=9692, stack(0x0000000017510000,0x0000000017610000)]

Stack: [0x0000000017510000,0x0000000017610000]
[error occurred during error reporting (printing stack bounds), id 0xc0000005]

Native frames: (J=compiled Java code, j=interpreted, Vv=VM code, C=native code)


Current CompileTask:
C1: 296326 5394       3      
[error occurred during error reporting (printing current compile task), id 0xe0000001]


---------------  P R O C E S S  ---------------

Java Threads: ( => current thread )
  0x000000001c0bf800 JavaThread "Build operations Thread 2" [_thread_blocked, id=2688, stack(0x000000001e920000,0x000000001ea20000)]
  0x000000001c0be000 JavaThread "Build operations" [_thread_blocked, id=6472, stack(0x000000001e820000,0x000000001e920000)]
  0x000000001c0bc800 JavaThread "Cache worker for execution history cache (C:\Users\Oscar Martinez\.gradle\caches\5.4.1\executionHistory)" [_thread_blocked, id=4120, stack(0x000000001de20000,0x000000001df20000)]
  0x000000001c0c1000 JavaThread "Cache worker for cache directory md-rule (C:\Users\Oscar Martinez\.gradle\caches\5.4.1\md-rule)" [_thread_blocked, id=8592, stack(0x000000001dd20000,0x000000001de20000)]
  0x0000000018d72000 JavaThread "Cache worker for cache directory md-supplier (C:\Users\Oscar Martinez\.gradle\caches\5.4.1\md-supplier)" [_thread_blocked, id=8792, stack(0x000000001dc20000,0x000000001dd20000)]
  0x0000000018d77000 JavaThread "Cache worker for file hash cache (C:\Users\Oscar Martinez\Documents\GitHub\Dame_Jalon\.gradle\5.4.1\fileHashes)" [_thread_blocked, id=10208, stack(0x000000001ce20000,0x000000001cf20000)]
  0x0000000018d74000 JavaThread "Cache worker for journal cache (C:\Users\Oscar Martinez\.gradle\caches\journal-1)" [_thread_blocked, id=4996, stack(0x000000001aa80000,0x000000001ab80000)]
  0x0000000018d76800 JavaThread "File lock request listener" [_thread_in_native, id=1924, stack(0x000000001a980000,0x000000001aa80000)]
  0x0000000018cb5800 JavaThread "Cache worker for file hash cache (C:\Users\Oscar Martinez\.gradle\caches\5.4.1\fileHashes)" [_thread_blocked, id=3960, stack(0x000000001a880000,0x000000001a980000)]
  0x0000000018b3e000 JavaThread "Thread-9" [_thread_blocked, id=4836, stack(0x000000001a580000,0x000000001a680000)]
  0x0000000018b68800 JavaThread "Asynchronous log dispatcher for DefaultDaemonConnection: socket connection from /127.0.0.1:50743 to /127.0.0.1:50744" [_thread_blocked, id=6912, stack(0x000000001a380000,0x000000001a480000)]
  0x0000000018bc6000 JavaThread "Daemon worker" [_thread_in_vm, id=10692, stack(0x000000001a280000,0x000000001a380000)]
  0x0000000018b55000 JavaThread "Cancel handler" [_thread_blocked, id=5188, stack(0x000000001a180000,0x000000001a280000)]
  0x0000000017f27000 JavaThread "Handler for socket connection from /127.0.0.1:50743 to /127.0.0.1:50744" [_thread_in_native, id=7784, stack(0x0000000019e80000,0x0000000019f80000)]
  0x0000000017956000 JavaThread "Daemon" [_thread_blocked, id=3788, stack(0x0000000019d80000,0x0000000019e80000)]
  0x00000000189f9800 JavaThread "Daemon periodic checks" [_thread_blocked, id=8604, stack(0x0000000019c80000,0x0000000019d80000)]
  0x00000000189ea800 JavaThread "Incoming local TCP Connector on port 50743" [_thread_in_native, id=7152, stack(0x0000000019a20000,0x0000000019b20000)]
  0x00000000188e7000 JavaThread "Daemon health stats" [_thread_blocked, id=7924, stack(0x00000000193e0000,0x00000000194e0000)]
  0x000000001641c000 JavaThread "Service Thread" daemon [_thread_blocked, id=6328, stack(0x0000000017610000,0x0000000017710000)]
=>0x0000000016415800 JavaThread "C1 CompilerThread1" daemon [_thread_in_native, id=9692, stack(0x0000000017510000,0x0000000017610000)]
  0x00000000163bd000 JavaThread "C2 CompilerThread0" daemon [_thread_blocked, id=7812, stack(0x0000000017410000,0x0000000017510000)]
  0x00000000163b8000 JavaThread "Attach Listener" daemon [_thread_blocked, id=1516, stack(0x0000000017310000,0x0000000017410000)]
  0x00000000163b5000 JavaThread "Signal Dispatcher" daemon [_thread_blocked, id=11168, stack(0x0000000017210000,0x0000000017310000)]
  0x0000000002c57800 JavaThread "Finalizer" daemon [_thread_blocked, id=6408, stack(0x0000000016ff0000,0x00000000170f0000)]
  0x00000000163a7000 JavaThread "Reference Handler" daemon [_thread_blocked, id=6752, stack(0x0000000016ef0000,0x0000000016ff0000)]
  0x0000000002c8e800 JavaThread "main" [_thread_blocked, id=8840, stack(0x0000000002a50000,0x0000000002b50000)]

Other Threads:
  0x0000000016384800 VMThread [stack: 0x0000000016df0000,0x0000000016ef0000] [id=9660]
  0x000000001641f000 WatcherThread [stack: 0x0000000017710000,0x0000000017810000] [id=8952]

VM state:not at safepoint (normal execution)

VM Mutex/Monitor currently owned by a thread: None

heap address: 0x00000000a0000000, size: 1536 MB, Compressed Oops mode: 32-bit
Narrow klass base: 0x0000000000000000, Narrow klass shift: 3
Compressed class space size: 1073741824 Address: 0x0000000100000000

Heap:
 PSYoungGen      total 47616K, used 10912K [0x00000000e0000000, 0x00000000e3880000, 0x0000000100000000)
  eden space 41984K, 22% used [0x00000000e0000000,0x00000000e095bcf0,0x00000000e2900000)
  from space 5632K, 23% used [0x00000000e2900000,0x00000000e2a4c690,0x00000000e2e80000)
  to   space 5632K, 0% used [0x00000000e3300000,0x00000000e3300000,0x00000000e3880000)
 ParOldGen       total 40448K, used 18261K [0x00000000a0000000, 0x00000000a2780000, 0x00000000e0000000)
  object space 40448K, 45% used [0x00000000a0000000,0x00000000a11d5490,0x00000000a2780000)
 Metaspace       used 43537K, capacity 44204K, committed 44544K, reserved 1087488K
  class space    used 5652K, capacity 5860K, committed 5888K, reserved 1048576K

Card table byte_map: [0x0000000012050000,0x0000000012360000] byte_map_base: 0x0000000011b50000

Marking Bits: (ParMarkBitMap*) 0x0000000069fd9f30
 Begin Bits: [0x0000000012760000, 0x0000000013f60000)
 End Bits:   [0x0000000013f60000, 0x0000000015760000)

Polling page: 0x0000000001170000

CodeCache: size=245760Kb used=15707Kb max_used=15719Kb free=230052Kb
 bounds [0x0000000002c90000, 0x0000000003c10000, 0x0000000011c90000]
 total_blobs=5414 nmethods=4637 adapters=691
 compilation: enabled

Compilation events (10 events):
Event: 295.573 Thread 0x0000000016415800 nmethod 5390 0x0000000003bfbb50 code [0x0000000003bfbcc0, 0x0000000003bfbe28]
Event: 295.574 Thread 0x00000000163bd000 5391       4       org.objectweb.asm.ClassReader::readUtf (161 bytes)
Event: 295.591 Thread 0x00000000163bd000 nmethod 5391 0x0000000003bff0d0 code [0x0000000003bff240, 0x0000000003bff7f8]
Event: 295.849 Thread 0x0000000016415800 5392       3       org.objectweb.asm.ClassReader::readShort (27 bytes)
Event: 295.849 Thread 0x0000000016415800 nmethod 5392 0x0000000003bfecd0 code [0x0000000003bfee20, 0x0000000003bfefd0]
Event: 295.851 Thread 0x00000000163bd000 5393       4       org.objectweb.asm.ByteVector::put12 (64 bytes)
Event: 295.857 Thread 0x00000000163bd000 nmethod 5393 0x0000000003bffb90 code [0x0000000003bffce0, 0x0000000003bffe88]
Event: 295.927 Thread 0x0000000016415800 5394       3       org.objectweb.asm.ClassReader::readCode (5089 bytes)
Event: 295.927 Thread 0x00000000163bd000 5396       4       java.util.regex.Pattern$BnM::optimize (179 bytes)
Event: 295.963 Thread 0x00000000163bd000 nmethod 5396 0x0000000003bfcc90 code [0x0000000003bfce00, 0x0000000003bfd4f8]

GC Heap History (10 events):
Event: 242.940 GC heap before
{Heap before GC invocations=27 (full 2):
 PSYoungGen      total 49152K, used 44417K [0x00000000e0000000, 0x00000000e3680000, 0x0000000100000000)
  eden space 43520K, 100% used [0x00000000e0000000,0x00000000e2a80000,0x00000000e2a80000)
  from space 5632K, 15% used [0x00000000e3100000,0x00000000e31e0460,0x00000000e3680000)
  to   space 6144K, 0% used [0x00000000e2a80000,0x00000000e2a80000,0x00000000e3080000)
 ParOldGen       total 40448K, used 18221K [0x00000000a0000000, 0x00000000a2780000, 0x00000000e0000000)
  object space 40448K, 45% used [0x00000000a0000000,0x00000000a11cb490,0x00000000a2780000)
 Metaspace       used 42880K, capacity 43634K, committed 44032K, reserved 1087488K
  class space    used 5601K, capacity 5822K, committed 5888K, reserved 1048576K
Event: 242.951 GC heap after
Heap after GC invocations=27 (full 2):
 PSYoungGen      total 49664K, used 961K [0x00000000e0000000, 0x00000000e3a00000, 0x0000000100000000)
  eden space 43520K, 0% used [0x00000000e0000000,0x00000000e0000000,0x00000000e2a80000)
  from space 6144K, 15% used [0x00000000e2a80000,0x00000000e2b70460,0x00000000e3080000)
  to   space 6144K, 0% used [0x00000000e3400000,0x00000000e3400000,0x00000000e3a00000)
 ParOldGen       total 40448K, used 18229K [0x00000000a0000000, 0x00000000a2780000, 0x00000000e0000000)
  object space 40448K, 45% used [0x00000000a0000000,0x00000000a11cd490,0x00000000a2780000)
 Metaspace       used 42880K, capacity 43634K, committed 44032K, reserved 1087488K
  class space    used 5601K, capacity 5822K, committed 5888K, reserved 1048576K
}
Event: 264.234 GC heap before
{Heap before GC invocations=28 (full 2):
 PSYoungGen      total 49664K, used 44481K [0x00000000e0000000, 0x00000000e3a00000, 0x0000000100000000)
  eden space 43520K, 100% used [0x00000000e0000000,0x00000000e2a80000,0x00000000e2a80000)
  from space 6144K, 15% used [0x00000000e2a80000,0x00000000e2b70460,0x00000000e3080000)
  to   space 6144K, 0% used [0x00000000e3400000,0x00000000e3400000,0x00000000e3a00000)
 ParOldGen       total 40448K, used 18229K [0x00000000a0000000, 0x00000000a2780000, 0x00000000e0000000)
  object space 40448K, 45% used [0x00000000a0000000,0x00000000a11cd490,0x00000000a2780000)
 Metaspace       used 43010K, capacity 43638K, committed 44032K, reserved 1087488K
  class space    used 5606K, capacity 5822K, committed 5888K, reserved 1048576K
Event: 264.245 GC heap after
Heap after GC invocations=28 (full 2):
 PSYoungGen      total 44032K, used 1201K [0x00000000e0000000, 0x00000000e3580000, 0x0000000100000000)
  eden space 42496K, 0% used [0x00000000e0000000,0x00000000e0000000,0x00000000e2980000)
  from space 1536K, 78% used [0x00000000e3400000,0x00000000e352c690,0x00000000e3580000)
  to   space 6144K, 0% used [0x00000000e2980000,0x00000000e2980000,0x00000000e2f80000)
 ParOldGen       total 40448K, used 18237K [0x00000000a0000000, 0x00000000a2780000, 0x00000000e0000000)
  object space 40448K, 45% used [0x00000000a0000000,0x00000000a11cf490,0x00000000a2780000)
 Metaspace       used 43010K, capacity 43638K, committed 44032K, reserved 1087488K
  class space    used 5606K, capacity 5822K, committed 5888K, reserved 1048576K
}
Event: 283.541 GC heap before
{Heap before GC invocations=29 (full 2):
 PSYoungGen      total 44032K, used 43697K [0x00000000e0000000, 0x00000000e3580000, 0x0000000100000000)
  eden space 42496K, 100% used [0x00000000e0000000,0x00000000e2980000,0x00000000e2980000)
  from space 1536K, 78% used [0x00000000e3400000,0x00000000e352c690,0x00000000e3580000)
  to   space 6144K, 0% used [0x00000000e2980000,0x00000000e2980000,0x00000000e2f80000)
 ParOldGen       total 40448K, used 18237K [0x00000000a0000000, 0x00000000a2780000, 0x00000000e0000000)
  object space 40448K, 45% used [0x00000000a0000000,0x00000000a11cf490,0x00000000a2780000)
 Metaspace       used 43270K, capacity 43994K, committed 44288K, reserved 1087488K
  class space    used 5627K, capacity 5854K, committed 5888K, reserved 1048576K
Event: 283.552 GC heap after
Heap after GC invocations=29 (full 2):
 PSYoungGen      total 43520K, used 1553K [0x00000000e0000000, 0x00000000e3480000, 0x0000000100000000)
  eden space 41472K, 0% used [0x00000000e0000000,0x00000000e0000000,0x00000000e2880000)
  from space 2048K, 75% used [0x00000000e2980000,0x00000000e2b04690,0x00000000e2b80000)
  to   space 6144K, 0% used [0x00000000e2e80000,0x00000000e2e80000,0x00000000e3480000)
 ParOldGen       total 40448K, used 18245K [0x00000000a0000000, 0x00000000a2780000, 0x00000000e0000000)
  object space 40448K, 45% used [0x00000000a0000000,0x00000000a11d1490,0x00000000a2780000)
 Metaspace       used 43270K, capacity 43994K, committed 44288K, reserved 1087488K
  class space    used 5627K, capacity 5854K, committed 5888K, reserved 1048576K
}
Event: 285.301 GC heap before
{Heap before GC invocations=30 (full 2):
 PSYoungGen      total 43520K, used 43025K [0x00000000e0000000, 0x00000000e3480000, 0x0000000100000000)
  eden space 41472K, 100% used [0x00000000e0000000,0x00000000e2880000,0x00000000e2880000)
  from space 2048K, 75% used [0x00000000e2980000,0x00000000e2b04690,0x00000000e2b80000)
  to   space 6144K, 0% used [0x00000000e2e80000,0x00000000e2e80000,0x00000000e3480000)
 ParOldGen       total 40448K, used 18245K [0x00000000a0000000, 0x00000000a2780000, 0x00000000e0000000)
  object space 40448K, 45% used [0x00000000a0000000,0x00000000a11d1490,0x00000000a2780000)
 Metaspace       used 43275K, capacity 43994K, committed 44288K, reserved 1087488K
  class space    used 5627K, capacity 5854K, committed 5888K, reserved 1048576K
Event: 285.312 GC heap after
Heap after GC invocations=30 (full 2):
 PSYoungGen      total 48128K, used 1314K [0x00000000e0000000, 0x00000000e3700000, 0x0000000100000000)
  eden space 41984K, 0% used [0x00000000e0000000,0x00000000e0000000,0x00000000e2900000)
  from space 6144K, 21% used [0x00000000e2e80000,0x00000000e2fc88c0,0x00000000e3480000)
  to   space 5632K, 0% used [0x00000000e2900000,0x00000000e2900000,0x00000000e2e80000)
 ParOldGen       total 40448K, used 18253K [0x00000000a0000000, 0x00000000a2780000, 0x00000000e0000000)
  object space 40448K, 45% used [0x00000000a0000000,0x00000000a11d3490,0x00000000a2780000)
 Metaspace       used 43275K, capacity 43994K, committed 44288K, reserved 1087488K
  class space    used 5627K, capacity 5854K, committed 5888K, reserved 1048576K
}
Event: 286.550 GC heap before
{Heap before GC invocations=31 (full 2):
 PSYoungGen      total 48128K, used 43298K [0x00000000e0000000, 0x00000000e3700000, 0x0000000100000000)
  eden space 41984K, 100% used [0x00000000e0000000,0x00000000e2900000,0x00000000e2900000)
  from space 6144K, 21% used [0x00000000e2e80000,0x00000000e2fc88c0,0x00000000e3480000)
  to   space 5632K, 0% used [0x00000000e2900000,0x00000000e2900000,0x00000000e2e80000)
 ParOldGen       total 40448K, used 18253K [0x00000000a0000000, 0x00000000a2780000, 0x00000000e0000000)
  object space 40448K, 45% used [0x00000000a0000000,0x00000000a11d3490,0x00000000a2780000)
 Metaspace       used 43281K, capacity 43994K, committed 44288K, reserved 1087488K
  class space    used 5627K, capacity 5854K, committed 5888K, reserved 1048576K
Event: 286.558 GC heap after
Heap after GC invocations=31 (full 2):
 PSYoungGen      total 47616K, used 1329K [0x00000000e0000000, 0x00000000e3880000, 0x0000000100000000)
  eden space 41984K, 0% used [0x00000000e0000000,0x00000000e0000000,0x00000000e2900000)
  from space 5632K, 23% used [0x00000000e2900000,0x00000000e2a4c690,0x00000000e2e80000)
  to   space 5632K, 0% used [0x00000000e3300000,0x00000000e3300000,0x00000000e3880000)
 ParOldGen       total 40448K, used 18261K [0x00000000a0000000, 0x00000000a2780000, 0x00000000e0000000)
  object space 40448K, 45% used [0x00000000a0000000,0x00000000a11d5490,0x00000000a2780000)
 Metaspace       used 43281K, capacity 43994K, committed 44288K, reserved 1087488K
  class space    used 5627K, capacity 5854K, committed 5888K, reserved 1048576K
}

Deoptimization events (10 events):
Event: 282.292 Thread 0x0000000018bc6000 Uncommon trap: reason=unstable_if action=reinterpret pc=0x0000000003a54520 method=java.nio.channels.spi.AbstractInterruptibleChannel.begin()V @ 4
Event: 282.293 Thread 0x0000000018bc6000 Uncommon trap: reason=class_check action=maybe_recompile pc=0x00000000031622f8 method=java.util.zip.InflaterInputStream.read([BII)I @ 100
Event: 282.294 Thread 0x0000000018bc6000 Uncommon trap: reason=class_check action=maybe_recompile pc=0x00000000031622f8 method=java.util.zip.InflaterInputStream.read([BII)I @ 100
Event: 282.298 Thread 0x0000000018bc6000 Uncommon trap: reason=class_check action=maybe_recompile pc=0x00000000031622f8 method=java.util.zip.InflaterInputStream.read([BII)I @ 100
Event: 282.298 Thread 0x0000000018bc6000 Uncommon trap: reason=class_check action=maybe_recompile pc=0x00000000031622f8 method=java.util.zip.InflaterInputStream.read([BII)I @ 100
Event: 286.836 Thread 0x0000000018bc6000 Uncommon trap: reason=unstable_if action=reinterpret pc=0x0000000003627410 method=java.io.ByteArrayInputStream.read()I @ 8
Event: 287.068 Thread 0x0000000018bc6000 Uncommon trap: reason=unstable_if action=reinterpret pc=0x0000000003a0ab84 method=java.util.Formatter$Flags.parse(Ljava/lang/String;)Ljava/util/Formatter$Flags; @ 19
Event: 287.068 Thread 0x0000000018bc6000 Uncommon trap: reason=unstable_if action=reinterpret pc=0x0000000003a36430 method=java.util.Formatter.parse(Ljava/lang/String;)[Ljava/util/Formatter$FormatString; @ 29
Event: 287.068 Thread 0x0000000018bc6000 Uncommon trap: reason=unstable_if action=reinterpret pc=0x000000000319a41c method=java.util.Formatter$FormatSpecifier.justify(Ljava/lang/String;)Ljava/lang/String; @ 5
Event: 295.471 Thread 0x0000000018bc6000 Uncommon trap: reason=unstable_if action=reinterpret pc=0x0000000003716238 method=sun.misc.FloatingDecimal$BinaryToASCIIBuffer.dtoa(IJIZ)V @ 97

Classes redefined (0 events):
No events

Internal exceptions (10 events):
Event: 293.898 Thread 0x0000000018bc6000 Exception <a 'java/security/PrivilegedActionException'> (0x00000000e0652308) thrown at [D:\src\AOSP-openjdk-cygwin\jdk8u\hotspot\src\share\vm\prims\jvm.cpp, line 1508]
Event: 293.898 Thread 0x0000000018bc6000 Exception <a 'java/security/PrivilegedActionException'> (0x00000000e0653088) thrown at [D:\src\AOSP-openjdk-cygwin\jdk8u\hotspot\src\share\vm\prims\jvm.cpp, line 1508]
Event: 293.899 Thread 0x0000000018bc6000 Exception <a 'java/security/PrivilegedActionException'> (0x00000000e0656d40) thrown at [D:\src\AOSP-openjdk-cygwin\jdk8u\hotspot\src\share\vm\prims\jvm.cpp, line 1508]
Event: 293.899 Thread 0x0000000018bc6000 Exception <a 'java/security/PrivilegedActionException'> (0x00000000e0657ac0) thrown at [D:\src\AOSP-openjdk-cygwin\jdk8u\hotspot\src\share\vm\prims\jvm.cpp, line 1508]
Event: 294.009 Thread 0x0000000018bc6000 Exception <a 'java/security/PrivilegedActionException'> (0x00000000e06640b0) thrown at [D:\src\AOSP-openjdk-cygwin\jdk8u\hotspot\src\share\vm\prims\jvm.cpp, line 1508]
Event: 294.009 Thread 0x0000000018bc6000 Exception <a 'java/security/PrivilegedActionException'> (0x00000000e0664e30) thrown at [D:\src\AOSP-openjdk-cygwin\jdk8u\hotspot\src\share\vm\prims\jvm.cpp, line 1508]
Event: 294.009 Thread 0x0000000018bc6000 Exception <a 'java/security/PrivilegedActionException'> (0x00000000e0668988) thrown at [D:\src\AOSP-openjdk-cygwin\jdk8u\hotspot\src\share\vm\prims\jvm.cpp, line 1508]
Event: 294.010 Thread 0x0000000018bc6000 Exception <a 'java/security/PrivilegedActionException'> (0x00000000e0669708) thrown at [D:\src\AOSP-openjdk-cygwin\jdk8u\hotspot\src\share\vm\prims\jvm.cpp, line 1508]
Event: 294.010 Thread 0x0000000018bc6000 Exception <a 'java/security/PrivilegedActionException'> (0x00000000e066d520) thrown at [D:\src\AOSP-openjdk-cygwin\jdk8u\hotspot\src\share\vm\prims\jvm.cpp, line 1508]
Event: 294.010 Thread 0x0000000018bc6000 Exception <a 'java/security/PrivilegedActionException'> (0x00000000e066e2a0) thrown at [D:\src\AOSP-openjdk-cygwin\jdk8u\hotspot\src\share\vm\prims\jvm.cpp, line 1508]

Events (10 events):
Event: 295.293 loading class org/gradle/model/dsl/internal/transform/InputReferences
Event: 295.293 loading class org/gradle/model/dsl/internal/transform/InputReferences done
Event: 295.294 loading class org/gradle/model/dsl/internal/transform/SourceLocation
Event: 295.294 loading class org/gradle/model/dsl/internal/transform/SourceLocation done
Event: 295.295 loading class org/gradle/model/dsl/internal/transform/ClosureBackedRuleFactory
Event: 295.295 loading class org/gradle/model/dsl/internal/transform/ClosureBackedRuleFactory done
Event: 295.471 Thread 0x0000000018bc6000 Uncommon trap: trap_request=0xffffff65 fr.pc=0x0000000003716238
Event: 295.471 Thread 0x0000000018bc6000 DEOPT PACKING pc=0x0000000003716238 sp=0x000000001a379db0
Event: 295.471 Thread 0x0000000018bc6000 DEOPT UNPACKING pc=0x0000000002cd557b sp=0x000000001a379c78 mode 2
Event: 296.016 Thread 0x0000000018bc6000 Uncommon trap: trap_request=0xffffffde fr.pc=0x0000000003178128


Dynamic libraries:
0x00007ff64e5a0000 - 0x00007ff64e5d1000 	C:\Program Files\Android\Android Studio\jre\bin\java.exe
0x00007ffd74090000 - 0x00007ffd74271000 	C:\WINDOWS\SYSTEM32\ntdll.dll
0x00007ffd73060000 - 0x00007ffd73111000 	C:\WINDOWS\System32\KERNEL32.DLL
0x00007ffd70450000 - 0x00007ffd706c3000 	C:\WINDOWS\System32\KERNELBASE.dll
0x00007ffd73180000 - 0x00007ffd73221000 	C:\WINDOWS\System32\ADVAPI32.dll
0x00007ffd72f20000 - 0x00007ffd72fbe000 	C:\WINDOWS\System32\msvcrt.dll
0x00007ffd737d0000 - 0x00007ffd7382b000 	C:\WINDOWS\System32\sechost.dll
0x00007ffd73a80000 - 0x00007ffd73ba4000 	C:\WINDOWS\System32\RPCRT4.dll
0x00007ffd72d90000 - 0x00007ffd72f20000 	C:\WINDOWS\System32\USER32.dll
0x00007ffd70720000 - 0x00007ffd70740000 	C:\WINDOWS\System32\win32u.dll
0x00007ffd739e0000 - 0x00007ffd73a08000 	C:\WINDOWS\System32\GDI32.dll
0x00007ffd70740000 - 0x00007ffd708d1000 	C:\WINDOWS\System32\gdi32full.dll
0x00007ffd70b80000 - 0x00007ffd70c1f000 	C:\WINDOWS\System32\msvcp_win.dll
0x00007ffd71410000 - 0x00007ffd71508000 	C:\WINDOWS\System32\ucrtbase.dll
0x00007ffd63910000 - 0x00007ffd63b79000 	C:\WINDOWS\WinSxS\amd64_microsoft.windows.common-controls_6595b64144ccf1df_6.0.17134.1006_none_d3fbb8f77c940c3f\COMCTL32.dll
0x00007ffd73230000 - 0x00007ffd73551000 	C:\WINDOWS\System32\combase.dll
0x00007ffd70c20000 - 0x00007ffd70c99000 	C:\WINDOWS\System32\bcryptPrimitives.dll
0x00007ffd737a0000 - 0x00007ffd737cd000 	C:\WINDOWS\System32\IMM32.DLL
0x00000000693f0000 - 0x00000000694c2000 	C:\Program Files\Android\Android Studio\jre\jre\bin\msvcr100.dll
0x0000000069810000 - 0x000000006a056000 	C:\Program Files\Android\Android Studio\jre\jre\bin\server\jvm.dll
0x00007ffd73790000 - 0x00007ffd73798000 	C:\WINDOWS\System32\PSAPI.DLL
0x00007ffd6ef90000 - 0x00007ffd6ef99000 	C:\WINDOWS\SYSTEM32\WSOCK32.dll
0x00007ffd73a10000 - 0x00007ffd73a7c000 	C:\WINDOWS\System32\WS2_32.dll
0x00007ffd6dab0000 - 0x00007ffd6dad3000 	C:\WINDOWS\SYSTEM32\WINMM.dll
0x00007ffd63000000 - 0x00007ffd6300a000 	C:\WINDOWS\SYSTEM32\VERSION.dll
0x00007ffd6da80000 - 0x00007ffd6daaa000 	C:\WINDOWS\SYSTEM32\WINMMBASE.dll
0x00007ffd706d0000 - 0x00007ffd70719000 	C:\WINDOWS\System32\cfgmgr32.dll
0x00007ffd6db40000 - 0x00007ffd6db4f000 	C:\Program Files\Android\Android Studio\jre\jre\bin\verify.dll
0x00007ffd69380000 - 0x00007ffd693a9000 	C:\Program Files\Android\Android Studio\jre\jre\bin\java.dll
0x00007ffd67ac0000 - 0x00007ffd67ad6000 	C:\Program Files\Android\Android Studio\jre\jre\bin\zip.dll
0x00007ffd71850000 - 0x00007ffd72c92000 	C:\WINDOWS\System32\SHELL32.dll
0x00007ffd738d0000 - 0x00007ffd73979000 	C:\WINDOWS\System32\shcore.dll
0x00007ffd70ca0000 - 0x00007ffd713ae000 	C:\WINDOWS\System32\windows.storage.dll
0x00007ffd73980000 - 0x00007ffd739d1000 	C:\WINDOWS\System32\shlwapi.dll
0x00007ffd703f0000 - 0x00007ffd70401000 	C:\WINDOWS\System32\kernel.appcore.dll
0x00007ffd70410000 - 0x00007ffd7042f000 	C:\WINDOWS\System32\profapi.dll
0x00007ffd703a0000 - 0x00007ffd703ec000 	C:\WINDOWS\System32\powrprof.dll
0x00007ffd70390000 - 0x00007ffd7039a000 	C:\WINDOWS\System32\FLTLIB.DLL
0x00007ffd66750000 - 0x00007ffd6676a000 	C:\Program Files\Android\Android Studio\jre\jre\bin\net.dll
0x00007ffd6fbb0000 - 0x00007ffd6fc16000 	C:\WINDOWS\system32\mswsock.dll
0x00007ffd66730000 - 0x00007ffd66741000 	C:\Program Files\Android\Android Studio\jre\jre\bin\nio.dll
0x00007ffd5d860000 - 0x00007ffd5d886000 	C:\Users\Oscar Martinez\.gradle\native\29\windows-amd64\native-platform.dll
0x00007ffd6c390000 - 0x00007ffd6c39d000 	C:\Program Files\Android\Android Studio\jre\jre\bin\management.dll
0x00007ffd6fd60000 - 0x00007ffd6fd77000 	C:\WINDOWS\SYSTEM32\CRYPTSP.dll
0x00007ffd6f760000 - 0x00007ffd6f793000 	C:\WINDOWS\system32\rsaenh.dll
0x00007ffd6fef0000 - 0x00007ffd6ff15000 	C:\WINDOWS\SYSTEM32\bcrypt.dll
0x00007ffd702c0000 - 0x00007ffd702e8000 	C:\WINDOWS\SYSTEM32\USERENV.dll
0x00007ffd6fd80000 - 0x00007ffd6fd8b000 	C:\WINDOWS\SYSTEM32\CRYPTBASE.dll
0x00007ffd6f900000 - 0x00007ffd6f938000 	C:\WINDOWS\SYSTEM32\IPHLPAPI.DLL
0x00007ffd72fc0000 - 0x00007ffd72fc8000 	C:\WINDOWS\System32\NSI.dll
0x00007ffd68280000 - 0x00007ffd68296000 	C:\WINDOWS\SYSTEM32\dhcpcsvc6.DLL
0x00007ffd684d0000 - 0x00007ffd684ea000 	C:\WINDOWS\SYSTEM32\dhcpcsvc.DLL
0x00007ffd5a560000 - 0x00007ffd5a584000 	C:\Program Files\Android\Android Studio\jre\jre\bin\sunec.dll
0x00007ffd6f940000 - 0x00007ffd6f9fe000 	C:\WINDOWS\SYSTEM32\DNSAPI.dll
0x00007ffd64250000 - 0x00007ffd6425a000 	C:\Windows\System32\rasadhlp.dll
0x00007ffd643a0000 - 0x00007ffd64412000 	C:\WINDOWS\System32\fwpuclnt.dll
0x00007ffd67ab0000 - 0x00007ffd67abb000 	C:\Program Files\Android\Android Studio\jre\jre\bin\sunmscapi.dll
0x00007ffd708e0000 - 0x00007ffd70ac2000 	C:\WINDOWS\System32\CRYPT32.dll
0x00007ffd70430000 - 0x00007ffd70442000 	C:\WINDOWS\System32\MSASN1.dll

VM Arguments:
jvm_args: -Xmx1536m -Dfile.encoding=windows-1252 -Duser.country=GT -Duser.language=es -Duser.variant 
java_command: org.gradle.launcher.daemon.bootstrap.GradleDaemon 5.4.1
java_class_path (initial): C:\Users\Oscar Martinez\.gradle\wrapper\dists\gradle-5.4.1-all\3221gyojl5jsh0helicew7rwx\gradle-5.4.1\lib\gradle-launcher-5.4.1.jar
Launcher Type: SUN_STANDARD

Environment Variables:
PATH=C:\Program Files (x86)\Common Files\Oracle\Java\javapath;C:\ProgramData\Oracle\Java\javapath;C:\WINDOWS\system32;C:\WINDOWS;C:\WINDOWS\System32\Wbem;C:\WINDOWS\System32\WindowsPowerShell\v1.0\;C:\WINDOWS\System32\OpenSSH\;C:\Program Files\Git\cmd;"C:\Users\Oscar Martinez\AppData\Local\Microsoft\WindowsApps;C:\Program Files\Java\jdk1.8.0_181\bin";;C:\Users\Oscar Martinez\AppData\Local\Microsoft\WindowsApps
USERNAME=Enrique Martinez
OS=Windows_NT
PROCESSOR_IDENTIFIER=Intel64 Family 6 Model 76 Stepping 3, GenuineIntel



---------------  S Y S T E M  ---------------

OS: Windows 10.0 , 64 bit Build 17134 (10.0.17134.753)

CPU:total 2 (initial active 2) (2 cores per cpu, 1 threads per core) family 6 model 76 stepping 3, cmov, cx8, fxsr, mmx, sse, sse2, sse3, ssse3, sse4.1, sse4.2, popcnt, aes, clmul, erms, 3dnowpref, tsc, tscinvbit

Memory: 4k page, physical 4048184k(716092k free), swap 8144184k(3528k free)

vm_info: OpenJDK 64-Bit Server VM (25.202-b03) for windows-amd64 JRE (1.8.0_202-release-1483-b03), built by "builder" with MS VC++ 10.0 (VS2010)

time: Fri Oct 11 15:25:41 2019
timezone: Hora estándar, América Central
elapsed time: 296 seconds (0d 0h 4m 56s)

